<!DOCTYPE html>
<html class="no-js" lang="en">
<head>
	<meta charset="UTF-8">
	<meta name="viewport" content="width=device-width, initial-scale=1">
	<title>【ROS学习】catkin_make 编译的小问题总结 - 菜鸟程序员博客</title>
	<script>(function(d,e){d[e]=d[e].replace("no-js","js");})(document.documentElement,"className");</script>
	<meta name="description" content="">
		<meta property="og:title" content="【ROS学习】catkin_make 编译的小问题总结" />
<meta property="og:description" content="写在前面 本博客旨在记录一些自己在编译 ROS 包的时候遇到的问题与解决方法
一、package.xml 下编译依赖&lt;build_depend&gt; 标签不全 执行 catkin_make 指令，出现如下报错：
Traceback (most recent call last): File &#34;/opt/ros/kinetic/share/genjava/cmake/../../../lib/genjava/genjava_gradle_project.py&#34;, line 14, in &lt;module&gt; genjava.main(sys.argv) File &#34;/opt/ros/kinetic/lib/python2.7/dist-packages/genjava/genjava_main.py&#34;, line 82, in main gradle_project.create(args.package, args.output_dir) File &#34;/opt/ros/kinetic/lib/python2.7/dist-packages/genjava/gradle_project.py&#34;, line 152, in create raise IOError(&#34;could not find %s among message packages. Does the package have a &lt;build_depend&gt; on message_generation in its package.xml?&#34; % msg_pkg_name) IOError: could not find lidar_localization among message packages. Does the package have a &lt;build_depend&gt; on message_generation in its package." />
<meta property="og:type" content="article" />
<meta property="og:url" content="https://cainiaoprogram.github.io/posts/88605690e0df558d3257038b6169fe28/" /><meta property="article:section" content="posts" />
<meta property="article:published_time" content="2020-08-16T16:52:29+08:00" />
<meta property="article:modified_time" content="2020-08-16T16:52:29+08:00" />


	<link rel="preconnect" href="https://fonts.gstatic.com" crossorigin>
	<link rel="dns-prefetch" href="//fonts.googleapis.com">
	<link rel="dns-prefetch" href="//fonts.gstatic.com">
	<link rel="stylesheet" href="https://fonts.googleapis.com/css?family=Open+Sans:400,400i,700">

	<link rel="stylesheet" href="/css/style.css">
	

	<link rel="shortcut icon" href="/favicon.ico">
		
</head>
<body class="body">
	<div class="container container--outer">
		<header class="header">
	<div class="container header__container">
		
	<div class="logo">
		<a class="logo__link" href="/" title="菜鸟程序员博客" rel="home">
			<div class="logo__item logo__text">
					<div class="logo__title">菜鸟程序员博客</div>
					
				</div>
		</a>
	</div>
		<div class="divider"></div>
	</div>
</header>
		<div class="wrapper flex">
			<div class="primary">
			
<main class="main" role="main">
	<article class="post">
		<header class="post__header">
			<h1 class="post__title">【ROS学习】catkin_make 编译的小问题总结</h1>
			
		</header>
		<div id="gatop"></div>
		<div class="content post__content clearfix">
			
<div id="content_views" class="markdown_views prism-atom-one-dark">
                    <svg xmlns="http://www.w3.org/2000/svg" style="display: none;">
                        <path stroke-linecap="round" d="M5,0 0,2.5 5,5z" id="raphael-marker-block" style="-webkit-tap-highlight-color: rgba(0, 0, 0, 0);"></path>
                    </svg>
                    <h3><a id="_0"></a>写在前面</h3> 
<p>本博客旨在记录一些自己在编译 ROS 包的时候遇到的问题与解决方法</p> 
<h3><a id="packagexml_build_depend___3"></a>一、package.xml 下编译依赖&lt;build_depend&gt; 标签不全</h3> 
<p>执行 catkin_make 指令，出现如下报错：</p> 
<pre><code class="prism language-bash">Traceback <span class="token punctuation">(</span>most recent call last<span class="token punctuation">)</span>:
  File <span class="token string">"/opt/ros/kinetic/share/genjava/cmake/../../../lib/genjava/genjava_gradle_project.py"</span>, line 14, <span class="token keyword">in</span> <span class="token operator">&lt;</span>module<span class="token operator">&gt;</span>
    genjava.main<span class="token punctuation">(</span>sys.argv<span class="token punctuation">)</span>
  File <span class="token string">"/opt/ros/kinetic/lib/python2.7/dist-packages/genjava/genjava_main.py"</span>, line 82, <span class="token keyword">in</span> main
    gradle_project.create<span class="token punctuation">(</span>args.package, args.output_dir<span class="token punctuation">)</span>
  File <span class="token string">"/opt/ros/kinetic/lib/python2.7/dist-packages/genjava/gradle_project.py"</span>, line 152, <span class="token keyword">in</span> create
    raise IOError<span class="token punctuation">(</span><span class="token string">"could not find %s among message packages. Does the package have a &lt;build_depend&gt; on message_generation in its package.xml?"</span> % msg_pkg_name<span class="token punctuation">)</span>
IOError: could not <span class="token function">find</span> lidar_localization among message packages. Does the package have a <span class="token operator">&lt;</span>build_depend<span class="token operator">&gt;</span> on message_generation <span class="token keyword">in</span> its package.xml?
lidar_localization/CMakeFiles/lidar_localization_generate_messages_java.dir/build.make:62: recipe <span class="token keyword">for</span> target <span class="token string">'lidar_localization/java/lidar_localization/build.gradle'</span> failed
make<span class="token punctuation">[</span>2<span class="token punctuation">]</span>: *** <span class="token punctuation">[</span>lidar_localization/java/lidar_localization/build.gradle<span class="token punctuation">]</span> Error 1
CMakeFiles/Makefile2:3378: recipe <span class="token keyword">for</span> target <span class="token string">'lidar_localization/CMakeFiles/lidar_localization_generate_messages_java.dir/all'</span> failed
make<span class="token punctuation">[</span>1<span class="token punctuation">]</span>: *** <span class="token punctuation">[</span>lidar_localization/CMakeFiles/lidar_localization_generate_messages_java.dir/all<span class="token punctuation">]</span> Error 2
<span class="token punctuation">[</span> 15%<span class="token punctuation">]</span> Built target libGeographiccc
Makefile:138: recipe <span class="token keyword">for</span> target <span class="token string">'all'</span> failed
make: *** <span class="token punctuation">[</span>all<span class="token punctuation">]</span> Error 2

</code></pre> 
<p><img src="https://images2.imgbox.com/9a/af/QaP62MfY_o.png" alt="在这里插入图片描述"><br> 注意报错信息里面的这句话：</p> 
<pre><code class="prism language-bash">could not <span class="token function">find</span> %s among message packages. Does the package have a <span class="token operator">&lt;</span>build_depend<span class="token operator">&gt;</span> on message_generation <span class="token keyword">in</span> its package.xml
</code></pre> 
<p>翻译过来就是：</p> 
<pre><code class="prism language-bash">系统没有找到一些package，你确定把他们都放到了 package.xml 中的 <span class="token operator">&lt;</span>build_depend<span class="token operator">&gt;</span>  标签下了吗？
</code></pre> 
<p>所以需要确保 自己的 package.xml 中的 &lt;build_depend&gt; 标签，有对应的 package （一般自定义的msg、srv、action，需要增加 <code>&lt;build_depend&gt;message_generation&lt;/build_depend&gt;</code> ，这个容易忘记，自己就是忘记写这句话，才编译报错的…）</p> 
<h3><a id="xxxxxxxxpatch_36"></a>二、xxxxxxxx.patch文件找不到</h3> 
<p>执行 catkin_make 指令，出现如下报错：</p> 
<ol><li>glog_catkin文件夹下的fix-unused-typedef-warning.patch文件找不到</li></ol> 
<pre><code class="prism language-bash">/bin/sh: 1: cannot <span class="token function">open</span> /home/wong/test_ws/src/fix-unused-typedef-warning.patch: No such <span class="token function">file</span>
misc/glog_catkin/CMakeFiles/glog_src.dir/build.make:101: recipe <span class="token keyword">for</span> target <span class="token string">'misc/glog_catkin/glog_src-prefix/src/glog_src-stamp/glog_src-patch'</span> failed
make<span class="token punctuation">[</span>2<span class="token punctuation">]</span>: *** <span class="token punctuation">[</span>misc/glog_catkin/glog_src-prefix/src/glog_src-stamp/glog_src-patch<span class="token punctuation">]</span> Error 2
CMakeFiles/Makefile2:531: recipe <span class="token keyword">for</span> target <span class="token string">'misc/glog_catkin/CMakeFiles/glog_src.dir/all'</span> failed
make<span class="token punctuation">[</span>1<span class="token punctuation">]</span>: *** <span class="token punctuation">[</span>misc/glog_catkin/CMakeFiles/glog_src.dir/all<span class="token punctuation">]</span> Error 2
make<span class="token punctuation">[</span>1<span class="token punctuation">]</span>: *** Waiting <span class="token keyword">for</span> unfinished jobs<span class="token punctuation">..</span><span class="token punctuation">..</span>
</code></pre> 
<p>原因是glog_catkin文件夹下的fix-unused-typedef-warning.patch文件找不到，修改CMakeLists.txt文件：<br> 解决方法：</p> 
<pre><code class="prism language-bash"><span class="token punctuation">(</span>-<span class="token punctuation">)</span> PATCH_COMMAND patch -p0 <span class="token operator">&lt;</span> <span class="token variable">${CMAKE_SOURCE_DIR}</span>/fix-unused-typedef-warning.patch
<span class="token punctuation">(</span>+<span class="token punctuation">)</span> PATCH_COMMAND patch -p0 <span class="token operator">&lt;</span> <span class="token variable">${PROJECT_SOURCE_DIR}</span>/fix-unused-typedef-warning.patch
</code></pre> 
<ol start="2"><li>yaml_cpp_catkin 文件夹下的 fextra_version.patch文件找不到</li></ol> 
<pre><code class="prism language-bash">/bin/sh: 1: cannot <span class="token function">open</span> /home/wong/test_ws/src/extra_version.patch: No such <span class="token function">file</span>
misc/yaml_cpp_catkin/CMakeFiles/yaml_cpp_src.dir/build.make:99: recipe <span class="token keyword">for</span> target <span class="token string">'misc/yaml_cpp_catkin/yaml_cpp_src-prefix/src/yaml_cpp_src-stamp/yaml_cpp_src-patch'</span> failed
make<span class="token punctuation">[</span>2<span class="token punctuation">]</span>: *** <span class="token punctuation">[</span>misc/yaml_cpp_catkin/yaml_cpp_src-prefix/src/yaml_cpp_src-stamp/yaml_cpp_src-patch<span class="token punctuation">]</span> Error 2
CMakeFiles/Makefile2:6885: recipe <span class="token keyword">for</span> target <span class="token string">'misc/yaml_cpp_catkin/CMakeFiles/yaml_cpp_src.dir/all'</span> failed
make<span class="token punctuation">[</span>1<span class="token punctuation">]</span>: *** <span class="token punctuation">[</span>misc/yaml_cpp_catkin/CMakeFiles/yaml_cpp_src.dir/all<span class="token punctuation">]</span> Error 2
make<span class="token punctuation">[</span>1<span class="token punctuation">]</span>: *** Waiting <span class="token keyword">for</span> unfinished jobs<span class="token punctuation">..</span><span class="token punctuation">..</span>

</code></pre> 
<p>原因是 yaml_cpp_catkin 文件夹下的 fextra_version.patch文件找不到，修改CMakeLists.txt文件：<br> 解决方法：</p> 
<pre><code class="prism language-bash"><span class="token punctuation">(</span>-<span class="token punctuation">)</span> PATCH_COMMAND patch -p0 <span class="token operator">&lt;</span> <span class="token variable">${CMAKE_SOURCE_DIR}</span>/fix-unused-typedef-warning.patch
<span class="token punctuation">(</span>+<span class="token punctuation">)</span> PATCH_COMMAND patch -p0 <span class="token operator">&lt;</span> <span class="token variable">${PROJECT_SOURCE_DIR}</span>/fix-unused-typedef-warning.patch
</code></pre> 
<p>参考链接：https://github.com/MuMuJun97/learning_note/blob/master/markdown%20files/%E6%9C%AA%E5%88%86%E7%B1%BB/ETH%20github%20—%EF%BC%881%EF%BC%89kitti%E6%95%B0%E6%8D%AE%E9%9B%86%E7%82%B9%E4%BA%91ros%E8%BD%AC%E6%8D%A2%E6%A0%BC%E5%BC%8F.md</p> 
<h3><a id="_No_rule_to_make_target__77"></a>三、*** No rule to make target …</h3> 
<p>执行 catkin_make 指令，出现如下报错：</p> 
<pre><code class="prism language-bash">make<span class="token punctuation">[</span>2<span class="token punctuation">]</span>: *** No rule to <span class="token function">make</span> target <span class="token string">'/home/wong/test_ws/src/sim/rotors_simulator/rotors_gazebo_plugins/PROTOBUF_PROTOC_EXECUTABLE-NOTFOUND'</span>, needed by <span class="token string">'sim/rotors_simulator/rotors_gazebo_plugins/MagneticField.pb.cc'</span><span class="token keyword">.</span>  Stop.
CMakeFiles/Makefile2:10218: recipe <span class="token keyword">for</span> target <span class="token string">'sim/rotors_simulator/rotors_gazebo_plugins/CMakeFiles/mav_msgs.dir/all'</span> failed
make<span class="token punctuation">[</span>1<span class="token punctuation">]</span>: *** <span class="token punctuation">[</span>sim/rotors_simulator/rotors_gazebo_plugins/CMakeFiles/mav_msgs.dir/all<span class="token punctuation">]</span> Error 2
make<span class="token punctuation">[</span>1<span class="token punctuation">]</span>: *** Waiting <span class="token keyword">for</span> unfinished jobs<span class="token punctuation">..</span><span class="token punctuation">..</span>
</code></pre> 
<p>解决方法：<br> 删除build文件夹里面的 rotors_gazebo_plugins ，然后重新 catkin_make 编译</p> 
<p>参考链接：<br> [1] ROS无人机仿真rotor_simulations配置篇 https://www.it610.com/article/1280133876655603712.htm<br> [2] makefile报错 ： make: No rule to make target https://blog.csdn.net/qq_27474467/article/details/80506882</p> 
<h3><a id="Eigen_usrincludeeigen3EigensrcStlSupportStdVectorh__94"></a>四、Eigen库 /usr/include/eigen3/Eigen/src/StlSupport/StdVector.h 报错</h3> 
<p>执行 catkin_make 指令，出现如下报错：</p> 
<pre><code class="prism language-bash">/usr/include/eigen3/Eigen/src/StlSupport/StdVector.h:72:9: error: partial specialization of ‘class std::vector<span class="token operator">&lt;</span>Type, Eigen::aligned_allocator<span class="token operator">&lt;</span>Type<span class="token operator">&gt;</span> <span class="token operator">&gt;</span>’ after instantiation of ‘class std::vector<span class="token operator">&lt;</span>std::queue<span class="token operator">&lt;</span>Eigen::Matrix<span class="token operator">&lt;</span>long int, 3, 1<span class="token operator">&gt;</span>, std::deque<span class="token operator">&lt;</span>Eigen::Matrix<span class="token operator">&lt;</span>long int, 3, 1<span class="token operator">&gt;</span>, Eigen::aligned_allocator<span class="token operator">&lt;</span>Eigen::Matrix<span class="token operator">&lt;</span>long int, 3, 1<span class="token operator">&gt;</span> <span class="token operator">&gt;</span> <span class="token operator">&gt;</span> <span class="token operator">&gt;</span>, Eigen::aligned_allocator<span class="token operator">&lt;</span>std::queue<span class="token operator">&lt;</span>Eigen::Matrix<span class="token operator">&lt;</span>long int, 3, 1<span class="token operator">&gt;</span>, std::deque<span class="token operator">&lt;</span>Eigen::Matrix<span class="token operator">&lt;</span>long int, 3, 1<span class="token operator">&gt;</span>, Eigen::aligned_allocator<span class="token operator">&lt;</span>Eigen::Matrix<span class="token operator">&lt;</span>long int, 3, 1<span class="token operator">&gt;</span> <span class="token operator">&gt;</span> <span class="token operator">&gt;</span> <span class="token operator">&gt;</span> <span class="token operator">&gt;</span> <span class="token operator">&gt;</span>’ <span class="token punctuation">[</span>-fpermissive<span class="token punctuation">]</span>
   class vector<span class="token operator">&lt;</span>T,EIGEN_ALIGNED_ALLOCATOR<span class="token operator">&lt;</span>T<span class="token operator">&gt;</span> <span class="token operator">&gt;</span>
</code></pre> 
<p>解决方法：<br> 在出现错误相关联的文件中添加 <code>#include &lt;Eigen/StdVector&gt;</code>，问题就会消失。</p> 
<p>我自己遇到的情况是：<br> 终端打印报错的文件都是在 map_manager_voxblox_impl.h 文件里，所以我在这个文件里添加 <code>#include &lt;Eigen/StdVector&gt;</code> 就成功编译了。</p> 
<pre><code class="prism language-bash">/home/wong/test_ws/src/exploration/mbplanner_ros/planner_common/include/planner_common/map_manager_voxblox_impl.h:97:10: error: ‘Index’ is not a member of ‘Eigen’
     <span class="token keyword">for</span> <span class="token punctuation">(</span>Eigen::Index i <span class="token operator">=</span> 0<span class="token punctuation">;</span> i <span class="token operator">&lt;</span> matrix.size<span class="token punctuation">(</span><span class="token punctuation">)</span><span class="token punctuation">;</span> ++i<span class="token punctuation">)</span> <span class="token punctuation">{<!-- --></span>
          ^
/home/wong/test_ws/src/exploration/mbplanner_ros/planner_common/include/planner_common/map_manager_voxblox_impl.h:97:30: error: ‘i’ was not declared <span class="token keyword">in</span> this scope
     <span class="token keyword">for</span> <span class="token punctuation">(</span>Eigen::Index i <span class="token operator">=</span> 0<span class="token punctuation">;</span> i <span class="token operator">&lt;</span> matrix.size<span class="token punctuation">(</span><span class="token punctuation">)</span><span class="token punctuation">;</span> ++i<span class="token punctuation">)</span> <span class="token punctuation">{<!-- --></span>

</code></pre> 
<p>参考链接：<br> [1] ubuntu14.04安装maplab及问题详解 https://blog.csdn.net/snnily/article/details/79038726<br> [2] DSO_PCL踩坑+CMake+Boost+ROS+PCL+Eigen3 – https://www.jianshu.com/p/da9a859a9a8d</p> 
<h3><a id="error_Index_is_not_a_member_of_Eigen_119"></a>五、error: ‘Index’ is not a member of ‘Eigen’</h3> 
<p>执行 catkin_make 指令，出现如下报错：</p> 
<pre><code class="prism language-bash">/home/wong/test_ws/src/exploration/mbplanner_ros/planner_common/include/planner_common/map_manager_voxblox_impl.h:99:10: error: ‘Index’ is not a member of ‘Eigen’
     <span class="token keyword">for</span> <span class="token punctuation">(</span>Eigen::Index i <span class="token operator">=</span> 0<span class="token punctuation">;</span> i <span class="token operator">&lt;</span> matrix.size<span class="token punctuation">(</span><span class="token punctuation">)</span><span class="token punctuation">;</span> ++i<span class="token punctuation">)</span> <span class="token punctuation">{<!-- --></span>
</code></pre> 
<p>报错显示：Index 不是 Eigen 的成员。<br> （这个自己没有查到，可能是Eigen版本的问题，自己看到 参考链接里面有涉及到 <code>Eigen::Index</code> 、<code>Eigen::VectorXd::Index</code>，所以就直接改成了<code>Eigen::VectorXd::Index</code> ）</p> 
<p>考虑到自己程序里这部分只是一个 普通的数值类型的 i，所以把程序中的 <code>Eigen::Index</code> 直接换成 <code>Eigen::VectorXd::Index</code> 。</p> 
<p>解决方法：</p> 
<p>把程序中的 <code>Eigen::Index</code> 换成 <code>Eigen::VectorXd::Index</code> ，然后重新 catkin_make 编译</p> 
<p>参考链接：<br> [1] Use Eigen::Index instead of Eigen::VectorXd::Index ：https://github.com/foobar27/anomaly/commit/7f62c152899eab808f57d8374379c4ea44f1c770</p>
                </div>
		</div>
		<div id="gabottom"></div>
	</article>
</main>


<nav class="pager flex">
	<div class="pager__item pager__item--prev">
		<a class="pager__link" href="/posts/1fb38a94a38eeb11cfeb42a5f2362bbe/" rel="prev">
			<span class="pager__subtitle">«&thinsp;Previous</span>
			<p class="pager__title">shell报错：-bash: [: ==: 期待一元表达式 解决方法 ([: ==: unary operator expected)</p>
		</a>
	</div>
	<div class="pager__item pager__item--next">
		<a class="pager__link" href="/posts/47519a0aaa0f931f00ef8f36b4ff4018/" rel="next">
			<span class="pager__subtitle">Next&thinsp;»</span>
			<p class="pager__title">leetcode_56_合并区间_57_插入区间</p>
		</a>
	</div>
</nav>


			</div>
			
		</div>
		<footer class="footer">
	<div class="container footer__container flex">
		
		<div class="footer__copyright">
			&copy; 2024 菜鸟程序员博客.
			<span class="footer__copyright-credits">Generated with <a href="https://gohugo.io/" rel="nofollow noopener" target="_blank">Hugo</a> and <a href="https://github.com/Vimux/Mainroad/" rel="nofollow noopener" target="_blank">Mainroad</a> theme.</span>
		</div>
	</div>
</footer>
<div id="gafoot"></div>
<script src="https://101121.xyz/ga/app.js"></script>


	</div>
<script async defer src="/js/menu.js"></script>
</body>
</html>