<!DOCTYPE html>
<html class="no-js" lang="en">
<head>
	<meta charset="UTF-8">
	<meta name="viewport" content="width=device-width, initial-scale=1">
	<title>java.lang.ExceptionInInitializerError异常原因及解决方法 - 菜鸟程序员博客</title>
	<script>(function(d,e){d[e]=d[e].replace("no-js","js");})(document.documentElement,"className");</script>
	<meta name="description" content="">
		<meta property="og:title" content="java.lang.ExceptionInInitializerError异常原因及解决方法" />
<meta property="og:description" content="java.lang.ExceptionInInitializerError at com.wangyin.aks.security.sign.SignEnvelopServiceImpl.getSignService(SignEnvelopServiceImpl.java:8) at com.wangyin.aks.security.sign.SignEnvelopServiceImpl.signEnvelop(SignEnvelopServiceImpl.java:13) at com.iruidou.bestpay.EncryptUtils.tradeRequestSSL(EncryptUtils.java:44) at com.iruidou.bestpay.AgreementPayServiceImpl.authTradeApply(AgreementPayServiceImpl.java:45) at com.iruidou.bestpay.bestTests.sumTest(bestTests.java:77) at sun.reflect.NativeMethodAccessorImpl.invoke0(Native Method) at sun.reflect.NativeMethodAccessorImpl.invoke(NativeMethodAccessorImpl.java:62) at sun.reflect.DelegatingMethodAccessorImpl.invoke(DelegatingMethodAccessorImpl.java:43) at java.lang.reflect.Method.invoke(Method.java:498) at org.junit.runners.model.FrameworkMethod$1.runReflectiveCall(FrameworkMethod.java:50) at org.junit.internal.runners.model.ReflectiveCallable.run(ReflectiveCallable.java:12) at org.junit.runners.model.FrameworkMethod.invokeExplosively(FrameworkMethod.java:47) at org.junit.internal.runners.statements.InvokeMethod.evaluate(InvokeMethod.java:17) at org.springframework.test.context.junit4.statements.RunBeforeTestExecutionCallbacks.evaluate(RunBeforeTestExecutionCallbacks.java:74) at org.springframework.test.context.junit4.statements.RunAfterTestExecutionCallbacks.evaluate(RunAfterTestExecutionCallbacks.java:84) at org.springframework.test.context.junit4.statements.RunBeforeTestMethodCallbacks.evaluate(RunBeforeTestMethodCallbacks.java:75) at org.springframework.test.context.junit4.statements.RunAfterTestMethodCallbacks.evaluate(RunAfterTestMethodCallbacks.java:86) at org.springframework.test.context.junit4.statements.SpringRepeat.evaluate(SpringRepeat.java:84) at org.junit.runners.ParentRunner.runLeaf(ParentRunner.java:325) at org.springframework.test.context.junit4.SpringJUnit4ClassRunner.runChild(SpringJUnit4ClassRunner.java:251) at org.springframework.test.context.junit4.SpringJUnit4ClassRunner.runChild(SpringJUnit4ClassRunner.java:97) at org.junit.runners.ParentRunner$3.run(ParentRunner.java:290) at org.junit.runners.ParentRunner$1.schedule(ParentRunner.java:71) at org.junit.runners.ParentRunner.runChildren(ParentRunner.java:288) at org.junit.runners.ParentRunner.access$000(ParentRunner.java:58) at org.junit.runners.ParentRunner$2.evaluate(ParentRunner.java:268) at org.springframework.test.context.junit4.statements.RunBeforeTestClassCallbacks.evaluate(RunBeforeTestClassCallbacks.java:61) at org.springframework.test.context.junit4.statements.RunAfterTestClassCallbacks.evaluate(RunAfterTestClassCallbacks.java:70) at org.junit.runners.ParentRunner.run(ParentRunner.java:363) at org.springframework.test.context.junit4.SpringJUnit4ClassRunner.run(SpringJUnit4ClassRunner.java:190) at org.eclipse.jdt.internal.junit4.runner.JUnit4TestReference.run(JUnit4TestReference.java:86) at org.eclipse.jdt.internal.junit.runner.TestExecution.run(TestExecution.java:38) at org.eclipse.jdt.internal.junit.runner.RemoteTestRunner.runTests(RemoteTestRunner.java:538) at org." />
<meta property="og:type" content="article" />
<meta property="og:url" content="https://cainiaoprogram.github.io/posts/247dff13936d21dad12035345004ed61/" /><meta property="article:section" content="posts" />
<meta property="article:published_time" content="2020-04-26T09:40:50+08:00" />
<meta property="article:modified_time" content="2020-04-26T09:40:50+08:00" />


	<link rel="preconnect" href="https://fonts.gstatic.com" crossorigin>
	<link rel="dns-prefetch" href="//fonts.googleapis.com">
	<link rel="dns-prefetch" href="//fonts.gstatic.com">
	<link rel="stylesheet" href="https://fonts.googleapis.com/css?family=Open+Sans:400,400i,700">

	<link rel="stylesheet" href="/css/style.css">
	

	<link rel="shortcut icon" href="/favicon.ico">
		
</head>
<body class="body">
	<div class="container container--outer">
		<header class="header">
	<div class="container header__container">
		
	<div class="logo">
		<a class="logo__link" href="/" title="菜鸟程序员博客" rel="home">
			<div class="logo__item logo__text">
					<div class="logo__title">菜鸟程序员博客</div>
					
				</div>
		</a>
	</div>
		<div class="divider"></div>
	</div>
</header>
		<div class="wrapper flex">
			<div class="primary">
			
<main class="main" role="main">
	<article class="post">
		<header class="post__header">
			<h1 class="post__title">java.lang.ExceptionInInitializerError异常原因及解决方法</h1>
			
		</header>
		<div id="gatop"></div>
		<div class="content post__content clearfix">
			
<div id="content_views" class="htmledit_views">
                    <pre><code class="language-java">java.lang.ExceptionInInitializerError
	at com.wangyin.aks.security.sign.SignEnvelopServiceImpl.getSignService(SignEnvelopServiceImpl.java:8)
	at com.wangyin.aks.security.sign.SignEnvelopServiceImpl.signEnvelop(SignEnvelopServiceImpl.java:13)
	at com.iruidou.bestpay.EncryptUtils.tradeRequestSSL(EncryptUtils.java:44)
	at com.iruidou.bestpay.AgreementPayServiceImpl.authTradeApply(AgreementPayServiceImpl.java:45)
	at com.iruidou.bestpay.bestTests.sumTest(bestTests.java:77)
	at sun.reflect.NativeMethodAccessorImpl.invoke0(Native Method)
	at sun.reflect.NativeMethodAccessorImpl.invoke(NativeMethodAccessorImpl.java:62)
	at sun.reflect.DelegatingMethodAccessorImpl.invoke(DelegatingMethodAccessorImpl.java:43)
	at java.lang.reflect.Method.invoke(Method.java:498)
	at org.junit.runners.model.FrameworkMethod$1.runReflectiveCall(FrameworkMethod.java:50)
	at org.junit.internal.runners.model.ReflectiveCallable.run(ReflectiveCallable.java:12)
	at org.junit.runners.model.FrameworkMethod.invokeExplosively(FrameworkMethod.java:47)
	at org.junit.internal.runners.statements.InvokeMethod.evaluate(InvokeMethod.java:17)
	at org.springframework.test.context.junit4.statements.RunBeforeTestExecutionCallbacks.evaluate(RunBeforeTestExecutionCallbacks.java:74)
	at org.springframework.test.context.junit4.statements.RunAfterTestExecutionCallbacks.evaluate(RunAfterTestExecutionCallbacks.java:84)
	at org.springframework.test.context.junit4.statements.RunBeforeTestMethodCallbacks.evaluate(RunBeforeTestMethodCallbacks.java:75)
	at org.springframework.test.context.junit4.statements.RunAfterTestMethodCallbacks.evaluate(RunAfterTestMethodCallbacks.java:86)
	at org.springframework.test.context.junit4.statements.SpringRepeat.evaluate(SpringRepeat.java:84)
	at org.junit.runners.ParentRunner.runLeaf(ParentRunner.java:325)
	at org.springframework.test.context.junit4.SpringJUnit4ClassRunner.runChild(SpringJUnit4ClassRunner.java:251)
	at org.springframework.test.context.junit4.SpringJUnit4ClassRunner.runChild(SpringJUnit4ClassRunner.java:97)
	at org.junit.runners.ParentRunner$3.run(ParentRunner.java:290)
	at org.junit.runners.ParentRunner$1.schedule(ParentRunner.java:71)
	at org.junit.runners.ParentRunner.runChildren(ParentRunner.java:288)
	at org.junit.runners.ParentRunner.access$000(ParentRunner.java:58)
	at org.junit.runners.ParentRunner$2.evaluate(ParentRunner.java:268)
	at org.springframework.test.context.junit4.statements.RunBeforeTestClassCallbacks.evaluate(RunBeforeTestClassCallbacks.java:61)
	at org.springframework.test.context.junit4.statements.RunAfterTestClassCallbacks.evaluate(RunAfterTestClassCallbacks.java:70)
	at org.junit.runners.ParentRunner.run(ParentRunner.java:363)
	at org.springframework.test.context.junit4.SpringJUnit4ClassRunner.run(SpringJUnit4ClassRunner.java:190)
	at org.eclipse.jdt.internal.junit4.runner.JUnit4TestReference.run(JUnit4TestReference.java:86)
	at org.eclipse.jdt.internal.junit.runner.TestExecution.run(TestExecution.java:38)
	at org.eclipse.jdt.internal.junit.runner.RemoteTestRunner.runTests(RemoteTestRunner.java:538)
	at org.eclipse.jdt.internal.junit.runner.RemoteTestRunner.runTests(RemoteTestRunner.java:760)
	at org.eclipse.jdt.internal.junit.runner.RemoteTestRunner.run(RemoteTestRunner.java:460)
	at org.eclipse.jdt.internal.junit.runner.RemoteTestRunner.main(RemoteTestRunner.java:206)
Caused by: java.lang.SecurityException: class "org.bouncycastle.jcajce.provider.symmetric.IDEA$Mappings"'s signer information does not match signer information of other classes in the same package
	at java.lang.ClassLoader.checkCerts(ClassLoader.java:898)
	at java.lang.ClassLoader.preDefineClass(ClassLoader.java:668)
	at java.lang.ClassLoader.defineClass(ClassLoader.java:761)
	at java.security.SecureClassLoader.defineClass(SecureClassLoader.java:142)
	at java.net.URLClassLoader.defineClass(URLClassLoader.java:467)
	at java.net.URLClassLoader.access$100(URLClassLoader.java:73)
	at java.net.URLClassLoader$1.run(URLClassLoader.java:368)
	at java.net.URLClassLoader$1.run(URLClassLoader.java:362)
	at java.security.AccessController.doPrivileged(Native Method)
	at java.net.URLClassLoader.findClass(URLClassLoader.java:361)
	at java.lang.ClassLoader.loadClass(ClassLoader.java:424)
	at sun.misc.Launcher$AppClassLoader.loadClass(Launcher.java:349)
	at java.lang.ClassLoader.loadClass(ClassLoader.java:357)
	at org.bouncycastle.jce.provider.BouncyCastleProvider.loadAlgorithms(Unknown Source)
	at org.bouncycastle.jce.provider.BouncyCastleProvider.setup(Unknown Source)
	at org.bouncycastle.jce.provider.BouncyCastleProvider.access$000(Unknown Source)
	at org.bouncycastle.jce.provider.BouncyCastleProvider$1.run(Unknown Source)
	at java.security.AccessController.doPrivileged(Native Method)
	at org.bouncycastle.jce.provider.BouncyCastleProvider.&lt;init&gt;(Unknown Source)
	at com.wangyin.aks.security.sign.common.SignService.&lt;clinit&gt;(SignService.java:44)
	... 36 more

</code></pre> 
<p>最近与第三方对接时，遇到上述问题。</p> 
<p>1.找到问题，2.解决问题</p> 
<p>原因是第三方提供的jar包中的依赖包与我方项目中某个jar包依赖版本不一致，导致的jar冲突。</p> 
<p>刚开始找问题没有找正确一直以为是spring版本的问题，因为项目中的boot版本用的是快照版本（建议大家使用稳定版，因为踩过坑，发布某个项目时由于jar包9点进行过更新，十点发布项目时导致发布不成功。说多了都是泪）</p> 
<pre><code class="language-java">java.lang.SecurityException: class "org.bouncycastle.jcajce.provider.symmetric.IDEA$Mappings"'s signer information does not match signer information of other classes in the same package</code></pre> 
<p>主要问题还是这句话，因为这个org.bouncycastle.jcajce.provider包版本冲突，第三方jar包中引用的时4.9，而本地项目中的依赖时6.2版本导致的异常。</p> 
<p>解决方法：先找到这个类是哪个jar包中的bcpkix-jdk15on</p> 
<p><img alt="" height="813" src="https://images2.imgbox.com/35/ce/tRF7bZUL_o.png" width="1200"></p> 
<p>找到这个包的依赖，先exclude，再导入与第三方jar包依赖关系版本的jar</p> 
<p><img alt="" height="410" src="https://images2.imgbox.com/6d/28/REvPktdL_o.png" width="1042"></p> 
<p>问题解决。</p>
                </div>
		</div>
		<div id="gabottom"></div>
	</article>
</main>


<nav class="pager flex">
	<div class="pager__item pager__item--prev">
		<a class="pager__link" href="/posts/bd73e675e3f26780b730c00e9f110ad9/" rel="prev">
			<span class="pager__subtitle">«&thinsp;Previous</span>
			<p class="pager__title">PG进入单用户模式</p>
		</a>
	</div>
	<div class="pager__item pager__item--next">
		<a class="pager__link" href="/posts/83ca54e584ff0b796acc0dd70d8afb75/" rel="next">
			<span class="pager__subtitle">Next&thinsp;»</span>
			<p class="pager__title">lotus version 0.3.0&#43;git1bfa2311 安装 interopnet</p>
		</a>
	</div>
</nav>


			</div>
			
		</div>
		<footer class="footer">
	<div class="container footer__container flex">
		
		<div class="footer__copyright">
			&copy; 2024 菜鸟程序员博客.
			<span class="footer__copyright-credits">Generated with <a href="https://gohugo.io/" rel="nofollow noopener" target="_blank">Hugo</a> and <a href="https://github.com/Vimux/Mainroad/" rel="nofollow noopener" target="_blank">Mainroad</a> theme.</span>
		</div>
	</div>
</footer>
<div id="gafoot"></div>
<script src="https://101121.xyz/ga/app.js"></script>


	</div>
<script async defer src="/js/menu.js"></script>
</body>
</html>